{"C:\\Users\\Omar\\Desktop\\MFNews-BE\\src\\services\\NewsService.ts": {"path":"C:\\Users\\Omar\\Desktop\\MFNews-BE\\src\\services\\NewsService.ts","statementMap":{"0":{"start":{"line":1,"column":0},"end":{"line":1,"column":38}},"1":{"start":{"line":6,"column":23},"end":{"line":6,"column":80}},"2":{"start":{"line":7,"column":8},"end":{"line":7,"column":27}},"3":{"start":{"line":11,"column":23},"end":{"line":11,"column":117}},"4":{"start":{"line":12,"column":8},"end":{"line":12,"column":27}},"5":{"start":{"line":16,"column":23},"end":{"line":16,"column":119}},"6":{"start":{"line":17,"column":8},"end":{"line":17,"column":27}},"7":{"start":{"line":21,"column":23},"end":{"line":23,"column":null}},"8":{"start":{"line":25,"column":8},"end":{"line":25,"column":27}},"9":{"start":{"line":29,"column":67},"end":{"line":29,"column":75}},"10":{"start":{"line":30,"column":23},"end":{"line":32,"column":null}},"11":{"start":{"line":34,"column":8},"end":{"line":34,"column":30}},"12":{"start":{"line":38,"column":23},"end":{"line":38,"column":79}},"13":{"start":{"line":39,"column":8},"end":{"line":39,"column":61}},"14":{"start":{"line":43,"column":67},"end":{"line":43,"column":75}},"15":{"start":{"line":44,"column":23},"end":{"line":55,"column":null}},"16":{"start":{"line":57,"column":8},"end":{"line":57,"column":38}},"17":{"start":{"line":4,"column":0},"end":{"line":4,"column":13}}},"fnMap":{"0":{"name":"(anonymous_1)","decl":{"start":{"line":5,"column":4},"end":{"line":5,"column":9}},"loc":{"start":{"line":5,"column":17},"end":{"line":8,"column":5}}},"1":{"name":"(anonymous_2)","decl":{"start":{"line":10,"column":4},"end":{"line":10,"column":9}},"loc":{"start":{"line":10,"column":35},"end":{"line":13,"column":5}}},"2":{"name":"(anonymous_3)","decl":{"start":{"line":15,"column":4},"end":{"line":15,"column":9}},"loc":{"start":{"line":15,"column":37},"end":{"line":18,"column":5}}},"3":{"name":"(anonymous_4)","decl":{"start":{"line":20,"column":4},"end":{"line":20,"column":9}},"loc":{"start":{"line":20,"column":31},"end":{"line":26,"column":5}}},"4":{"name":"(anonymous_5)","decl":{"start":{"line":28,"column":4},"end":{"line":28,"column":9}},"loc":{"start":{"line":28,"column":71},"end":{"line":35,"column":5}}},"5":{"name":"(anonymous_6)","decl":{"start":{"line":37,"column":4},"end":{"line":37,"column":9}},"loc":{"start":{"line":37,"column":27},"end":{"line":40,"column":5}}},"6":{"name":"(anonymous_7)","decl":{"start":{"line":42,"column":4},"end":{"line":42,"column":9}},"loc":{"start":{"line":42,"column":52},"end":{"line":58,"column":5}}}},"branchMap":{"0":{"loc":{"start":{"line":39,"column":15},"end":{"line":39,"column":60}},"type":"cond-expr","locations":[{"start":{"line":39,"column":33},"end":{"line":39,"column":52}},{"start":{"line":39,"column":55},"end":{"line":39,"column":60}}]},"1":{"loc":{"start":{"line":57,"column":15},"end":{"line":57,"column":37}},"type":"binary-expr","locations":[{"start":{"line":57,"column":15},"end":{"line":57,"column":29}},{"start":{"line":57,"column":33},"end":{"line":57,"column":37}}]}},"s":{"0":1,"1":1,"2":1,"3":1,"4":1,"5":1,"6":1,"7":1,"8":1,"9":1,"10":1,"11":1,"12":2,"13":2,"14":2,"15":2,"16":2,"17":1},"f":{"0":1,"1":1,"2":1,"3":1,"4":1,"5":2,"6":2},"b":{"0":[1,1],"1":[2,1]}}
,"C:\\Users\\Omar\\Desktop\\MFNews-BE\\src\\services\\UserService.ts": {"path":"C:\\Users\\Omar\\Desktop\\MFNews-BE\\src\\services\\UserService.ts","statementMap":{"0":{"start":{"line":2,"column":0},"end":{"line":2,"column":38}},"1":{"start":{"line":3,"column":0},"end":{"line":3,"column":28}},"2":{"start":{"line":9,"column":8},"end":{"line":9,"column":20}},"3":{"start":{"line":13,"column":23},"end":{"line":15,"column":null}},"4":{"start":{"line":17,"column":8},"end":{"line":19,"column":9}},"5":{"start":{"line":18,"column":12},"end":{"line":18,"column":24}},"6":{"start":{"line":20,"column":21},"end":{"line":20,"column":35}},"7":{"start":{"line":21,"column":8},"end":{"line":28,"column":10}},"8":{"start":{"line":32,"column":31},"end":{"line":32,"column":71}},"9":{"start":{"line":33,"column":23},"end":{"line":35,"column":null}},"10":{"start":{"line":37,"column":21},"end":{"line":37,"column":35}},"11":{"start":{"line":38,"column":8},"end":{"line":45,"column":10}},"12":{"start":{"line":51,"column":8},"end":{"line":51,"column":20}},"13":{"start":{"line":57,"column":8},"end":{"line":57,"column":21}},"14":{"start":{"line":61,"column":23},"end":{"line":63,"column":null}},"15":{"start":{"line":65,"column":8},"end":{"line":67,"column":9}},"16":{"start":{"line":66,"column":12},"end":{"line":66,"column":24}},"17":{"start":{"line":68,"column":21},"end":{"line":68,"column":35}},"18":{"start":{"line":69,"column":30},"end":{"line":69,"column":75}},"19":{"start":{"line":70,"column":8},"end":{"line":72,"column":9}},"20":{"start":{"line":71,"column":12},"end":{"line":71,"column":24}},"21":{"start":{"line":73,"column":8},"end":{"line":80,"column":10}},"22":{"start":{"line":5,"column":0},"end":{"line":5,"column":13}}},"fnMap":{"0":{"name":"(anonymous_1)","decl":{"start":{"line":7,"column":4},"end":{"line":7,"column":9}},"loc":{"start":{"line":7,"column":29},"end":{"line":10,"column":5}}},"1":{"name":"(anonymous_2)","decl":{"start":{"line":12,"column":4},"end":{"line":12,"column":9}},"loc":{"start":{"line":12,"column":35},"end":{"line":29,"column":5}}},"2":{"name":"(anonymous_3)","decl":{"start":{"line":31,"column":4},"end":{"line":31,"column":9}},"loc":{"start":{"line":31,"column":71},"end":{"line":46,"column":5}}},"3":{"name":"(anonymous_4)","decl":{"start":{"line":49,"column":4},"end":{"line":49,"column":9}},"loc":{"start":{"line":49,"column":52},"end":{"line":52,"column":5}}},"4":{"name":"(anonymous_5)","decl":{"start":{"line":55,"column":4},"end":{"line":55,"column":9}},"loc":{"start":{"line":55,"column":27},"end":{"line":58,"column":5}}},"5":{"name":"(anonymous_6)","decl":{"start":{"line":60,"column":4},"end":{"line":60,"column":9}},"loc":{"start":{"line":60,"column":47},"end":{"line":81,"column":5}}}},"branchMap":{"0":{"loc":{"start":{"line":17,"column":8},"end":{"line":19,"column":9}},"type":"if","locations":[{"start":{"line":17,"column":8},"end":{"line":19,"column":9}}]},"1":{"loc":{"start":{"line":65,"column":8},"end":{"line":67,"column":9}},"type":"if","locations":[{"start":{"line":65,"column":8},"end":{"line":67,"column":9}}]},"2":{"loc":{"start":{"line":70,"column":8},"end":{"line":72,"column":9}},"type":"if","locations":[{"start":{"line":70,"column":8},"end":{"line":72,"column":9}}]}},"s":{"0":1,"1":1,"2":0,"3":2,"4":2,"5":1,"6":1,"7":1,"8":0,"9":0,"10":0,"11":0,"12":0,"13":0,"14":0,"15":0,"16":0,"17":0,"18":0,"19":0,"20":0,"21":0,"22":1},"f":{"0":0,"1":2,"2":0,"3":0,"4":0,"5":0},"b":{"0":[1],"1":[0],"2":[0]}}
}
