TN:
SF:src\services\NewsService.ts
FN:5,(anonymous_1)
FN:10,(anonymous_2)
FN:15,(anonymous_3)
FN:20,(anonymous_4)
FN:28,(anonymous_5)
FN:37,(anonymous_6)
FN:42,(anonymous_7)
FNF:7
FNH:7
FNDA:1,(anonymous_1)
FNDA:1,(anonymous_2)
FNDA:1,(anonymous_3)
FNDA:1,(anonymous_4)
FNDA:1,(anonymous_5)
FNDA:2,(anonymous_6)
FNDA:2,(anonymous_7)
DA:1,1
DA:4,1
DA:6,1
DA:7,1
DA:11,1
DA:12,1
DA:16,1
DA:17,1
DA:21,1
DA:25,1
DA:29,1
DA:30,1
DA:34,1
DA:38,2
DA:39,2
DA:43,2
DA:44,2
DA:57,2
LF:18
LH:18
BRDA:39,0,0,1
BRDA:39,0,1,1
BRDA:57,1,0,2
BRDA:57,1,1,1
BRF:4
BRH:4
end_of_record
TN:
SF:src\services\UserService.ts
FN:7,(anonymous_1)
FN:12,(anonymous_2)
FN:31,(anonymous_3)
FN:49,(anonymous_4)
FN:55,(anonymous_5)
FN:60,(anonymous_6)
FNF:6
FNH:1
FNDA:0,(anonymous_1)
FNDA:2,(anonymous_2)
FNDA:0,(anonymous_3)
FNDA:0,(anonymous_4)
FNDA:0,(anonymous_5)
FNDA:0,(anonymous_6)
DA:2,1
DA:3,1
DA:5,1
DA:9,0
DA:13,2
DA:17,2
DA:18,1
DA:20,1
DA:21,1
DA:32,0
DA:33,0
DA:37,0
DA:38,0
DA:51,0
DA:57,0
DA:61,0
DA:65,0
DA:66,0
DA:68,0
DA:69,0
DA:70,0
DA:71,0
DA:73,0
LF:23
LH:8
BRDA:17,0,0,1
BRDA:65,1,0,0
BRDA:70,2,0,0
BRF:3
BRH:1
end_of_record
